c:\users\user12k20\documents\prog37198_gameengineering\gep engine framework\gepgameengine\x64\debug\vc141.pdb
c:\users\user12k20\documents\prog37198_gameengineering\gep engine framework\gepgameengine\x64\debug\vc141.idb
c:\users\user12k20\documents\prog37198_gameengineering\gep engine framework\gepgameengine\x64\debug\statemachine.obj
c:\users\user12k20\documents\prog37198_gameengineering\gep engine framework\gepgameengine\x64\debug\spriteex.obj
c:\users\user12k20\documents\prog37198_gameengineering\gep engine framework\gepgameengine\x64\debug\screenstate.obj
c:\users\user12k20\documents\prog37198_gameengineering\gep engine framework\gepgameengine\x64\debug\player.obj
c:\users\user12k20\documents\prog37198_gameengineering\gep engine framework\gepgameengine\x64\debug\pausemenupopupstate.obj
c:\users\user12k20\documents\prog37198_gameengineering\gep engine framework\gepgameengine\x64\debug\mainmenustate.obj
c:\users\user12k20\documents\prog37198_gameengineering\gep engine framework\gepgameengine\x64\debug\main.obj
c:\users\user12k20\documents\prog37198_gameengineering\gep engine framework\gepgameengine\x64\debug\gamestate.obj
c:\users\user12k20\documents\prog37198_gameengineering\gep engine framework\gepgameengine\x64\debug\game.obj
c:\users\user12k20\documents\prog37198_gameengineering\gep engine framework\gepgameengine\x64\debug\button.obj
c:\users\user12k20\documents\prog37198_gameengineering\gep engine framework\x64\debug\gepgameengine.ilk
c:\users\user12k20\documents\prog37198_gameengineering\gep engine framework\x64\debug\gepgameengine.exe
c:\users\user12k20\documents\prog37198_gameengineering\gep engine framework\x64\debug\gepgameengine.pdb
c:\users\user12k20\documents\prog37198_gameengineering\gep engine framework\gepgameengine\x64\debug\gepgameengine.tlog\cl.command.1.tlog
c:\users\user12k20\documents\prog37198_gameengineering\gep engine framework\gepgameengine\x64\debug\gepgameengine.tlog\cl.read.1.tlog
c:\users\user12k20\documents\prog37198_gameengineering\gep engine framework\gepgameengine\x64\debug\gepgameengine.tlog\cl.write.1.tlog
c:\users\user12k20\documents\prog37198_gameengineering\gep engine framework\gepgameengine\x64\debug\gepgameengine.tlog\link.command.1.tlog
c:\users\user12k20\documents\prog37198_gameengineering\gep engine framework\gepgameengine\x64\debug\gepgameengine.tlog\link.read.1.tlog
c:\users\user12k20\documents\prog37198_gameengineering\gep engine framework\gepgameengine\x64\debug\gepgameengine.tlog\link.write.1.tlog
