C:\Program Files\Microsoft Visual Studio\2022\Community\MSBuild\Microsoft\VC\v170\Microsoft.CppBuild.targets(531,5): warning MSB8028: The intermediate directory (x64\Debug\) contains files shared from another project (GEPGameEngine.vcxproj).  This can lead to incorrect clean and rebuild behavior.
  AudioManager.cpp
E:\GEPGameEngineFramework\GEPGameEngine\AudioManager.cpp(98,4): warning C4150: deletion of pointer to incomplete type '_Mix_Music'; no destructor called
E:\GEPGameEngineFramework\packages\sdl2_mixer.nuget.2.0.4\build\native\include\SDL_mixer.h(143,16): message : see declaration of '_Mix_Music'
E:\GEPGameEngineFramework\GEPGameEngine\AudioManager.cpp(113,4): warning C4150: deletion of pointer to incomplete type '_Mix_Music'; no destructor called
E:\GEPGameEngineFramework\packages\sdl2_mixer.nuget.2.0.4\build\native\include\SDL_mixer.h(143,16): message : see declaration of '_Mix_Music'
  Button.cpp
  Enemy.cpp
  Game.cpp
  GameLevel1.cpp
  GameLevel2.cpp
  GameLevel3.cpp
  GameManager.cpp
  GameState.cpp
E:\GEPGameEngineFramework\GEPGameEngine\GameState.cpp(65,90): warning C4244: 'argument': conversion from 'double' to 'float', possible loss of data
E:\GEPGameEngineFramework\GEPGameEngine\GameState.cpp(70,88): warning C4244: 'argument': conversion from 'double' to 'float', possible loss of data
E:\GEPGameEngineFramework\GEPGameEngine\GameState.cpp(98,43): warning C4244: 'argument': conversion from 'double' to 'int', possible loss of data
E:\GEPGameEngineFramework\GEPGameEngine\GameState.cpp(103,44): warning C4244: 'argument': conversion from 'double' to 'int', possible loss of data
E:\GEPGameEngineFramework\GEPGameEngine\GameState.cpp(108,44): warning C4244: 'argument': conversion from 'double' to 'int', possible loss of data
E:\GEPGameEngineFramework\GEPGameEngine\GameState.cpp(127,43): warning C4244: 'argument': conversion from 'double' to 'int', possible loss of data
E:\GEPGameEngineFramework\GEPGameEngine\GameState.cpp(134,71): warning C4244: 'argument': conversion from 'double' to 'int', possible loss of data
E:\GEPGameEngineFramework\GEPGameEngine\GameState.cpp(134,50): warning C4244: 'argument': conversion from 'double' to 'int', possible loss of data
  HealthBar.cpp
  main.cpp
  MainMenuState.cpp
  PauseMenuPopupState.cpp
  Player.cpp
  ProgressBar.cpp
  Projectile.cpp
  ScreenState.cpp
  ScreenState.h
  SpriteEx.cpp
  StateMachine.cpp
  Generating Code...
  Compiling...
  VictoryScreen.cpp
E:\GEPGameEngineFramework\GEPGameEngine\VictoryScreen.cpp(57,45): warning C4244: 'argument': conversion from 'double' to 'int', possible loss of data
E:\GEPGameEngineFramework\GEPGameEngine\VictoryScreen.cpp(62,45): warning C4244: 'argument': conversion from 'double' to 'int', possible loss of data
E:\GEPGameEngineFramework\GEPGameEngine\VictoryScreen.cpp(67,45): warning C4244: 'argument': conversion from 'double' to 'int', possible loss of data
E:\GEPGameEngineFramework\GEPGameEngine\VictoryScreen.cpp(85,43): warning C4244: 'argument': conversion from 'double' to 'int', possible loss of data
  Generating Code...
x64\Debug\ScreenState.obj : warning LNK4042: object specified more than once; extras ignored
  GEPGameEngine.vcxproj -> E:\GEPGameEngineFramework\x64\Debug\SSS.exe
